2025-11-12 10:15:14,991 - INFO - --- Application Started (V5.0) ---
2025-11-12 10:15:15,054 - INFO - --- Display Info Refreshed: Found 2 monitors ---
2025-11-12 10:15:15,054 - INFO - ʾ 1: 1920x1080 @ 59Hz, Primary=False
2025-11-12 10:15:15,054 - INFO - ʾ 2: 2560x1440 @ 165Hz, Primary=True
2025-11-12 10:15:15,060 - INFO - Startup status: Disabled
2025-11-12 10:15:15,060 - INFO - icon.png not found. Using dummy icon.
2025-11-12 10:15:16,408 - INFO - Main window displayed.
2025-11-12 10:15:18,664 - INFO - Startup enabled successfully.
2025-11-12 10:15:22,527 - INFO - Switching to single display: 1
2025-11-12 10:15:29,952 - INFO - --- Display Info Refreshed: Found 1 monitors ---
2025-11-12 10:15:29,952 - INFO - ʾ 1: 1920x1080 @ 59Hz, Primary=True
2025-11-12 10:15:35,632 - INFO - --- Display Info Refreshed: Found 2 monitors ---
2025-11-12 10:15:35,632 - INFO - ʾ 1: 1920x1080 @ 59Hz, Primary=False
2025-11-12 10:15:35,632 - INFO - ʾ 2: 2560x1440 @ 165Hz, Primary=True
2025-11-12 10:15:41,279 - INFO - Extending two monitors: Primary 1, Secondary 2
2025-11-12 10:15:44,161 - INFO - --- Display Info Refreshed: Found 2 monitors ---
2025-11-12 10:15:44,161 - INFO - ʾ 1: 1920x1080 @ 59Hz, Primary=True
2025-11-12 10:15:44,161 - INFO - ʾ 2: 2560x1440 @ 165Hz, Primary=False
2025-11-12 10:15:44,171 - INFO - --- Display Info Refreshed: Found 2 monitors ---
2025-11-12 10:15:44,171 - INFO - ʾ 1: 1920x1080 @ 59Hz, Primary=True
2025-11-12 10:15:44,171 - INFO - ʾ 2: 2560x1440 @ 165Hz, Primary=False
2025-11-12 10:15:49,905 - INFO - Extending two monitors: Primary 2, Secondary 1
2025-11-12 10:15:52,784 - INFO - --- Display Info Refreshed: Found 2 monitors ---
2025-11-12 10:15:52,784 - INFO - ʾ 1: 1920x1080 @ 59Hz, Primary=False
2025-11-12 10:15:52,784 - INFO - ʾ 2: 2560x1440 @ 165Hz, Primary=True
2025-11-12 10:15:52,791 - INFO - --- Display Info Refreshed: Found 2 monitors ---
2025-11-12 10:15:52,792 - INFO - ʾ 1: 1920x1080 @ 59Hz, Primary=False
2025-11-12 10:15:52,792 - INFO - ʾ 2: 2560x1440 @ 165Hz, Primary=True
2025-11-12 10:30:48,374 - INFO - Extending two monitors: Primary 2, Secondary 1
2025-11-12 10:30:51,324 - INFO - --- Display Info Refreshed: Found 2 monitors ---
2025-11-12 10:30:51,324 - INFO - ʾ 1: 1920x1080 @ 59Hz, Primary=False
2025-11-12 10:30:51,324 - INFO - ʾ 2: 2560x1440 @ 165Hz, Primary=True
2025-11-12 10:30:51,337 - INFO - --- Display Info Refreshed: Found 2 monitors ---
2025-11-12 10:30:51,337 - INFO - ʾ 1: 1920x1080 @ 59Hz, Primary=False
2025-11-12 10:30:51,338 - INFO - ʾ 2: 2560x1440 @ 165Hz, Primary=True
2025-11-12 10:31:10,915 - INFO - Application quit by user.
